# JRE version: OpenJDK Runtime Environment (8.0_222-b10) (build 1.8.0_222-8u222-b10-1ubuntu1~16.04.1-b10)
# Java VM: OpenJDK 64-Bit Server VM (25.222-b10 mixed mode linux-amd64 compressed oops)
Heap:
 PSYoungGen      total 26624K, used 2032K [0x00000000f0580000, 0x00000000f2180000, 0x0000000100000000)
  eden space 24576K, 0% used [0x00000000f0580000,0x00000000f0580000,0x00000000f1d80000)
  from space 2048K, 99% used [0x00000000f1d80000,0x00000000f1f7c030,0x00000000f1f80000)
  to   space 2048K, 0% used [0x00000000f1f80000,0x00000000f1f80000,0x00000000f2180000)
 ParOldGen       total 32768K, used 7454K [0x00000000d1000000, 0x00000000d3000000, 0x00000000f0580000)
  object space 32768K, 22% used [0x00000000d1000000,0x00000000d1747800,0x00000000d3000000)
 Metaspace       used 12617K, capacity 12844K, committed 12928K, reserved 1060864K
  class space    used 1551K, capacity 1638K, committed 1664K, reserved 1048576K
GC Heap History (9 events):
Event: 7.246 GC heap before
{Heap before GC invocations=1 (full 0):
 PSYoungGen      total 14336K, used 12274K [0x00000000f0580000, 0x00000000f1580000, 0x0000000100000000)
  eden space 12288K, 99% used [0x00000000f0580000,0x00000000f117cb60,0x00000000f1180000)
  from space 2048K, 0% used [0x00000000f1380000,0x00000000f1380000,0x00000000f1580000)
  to   space 2048K, 0% used [0x00000000f1180000,0x00000000f1180000,0x00000000f1380000)
 ParOldGen       total 32768K, used 0K [0x00000000d1000000, 0x00000000d3000000, 0x00000000f0580000)
  object space 32768K, 0% used [0x00000000d1000000,0x00000000d1000000,0x00000000d3000000)
 Metaspace       used 6072K, capacity 6284K, committed 6400K, reserved 1056768K
  class space    used 690K, capacity 760K, committed 768K, reserved 1048576K
Event: 7.309 GC heap after
Heap after GC invocations=1 (full 0):
 PSYoungGen      total 14336K, used 2030K [0x00000000f0580000, 0x00000000f1580000, 0x0000000100000000)
  eden space 12288K, 0% used [0x00000000f0580000,0x00000000f0580000,0x00000000f1180000)
  from space 2048K, 99% used [0x00000000f1180000,0x00000000f137bbb0,0x00000000f1380000)
  to   space 2048K, 0% used [0x00000000f1380000,0x00000000f1380000,0x00000000f1580000)
 ParOldGen       total 32768K, used 740K [0x00000000d1000000, 0x00000000d3000000, 0x00000000f0580000)
  object space 32768K, 2% used [0x00000000d1000000,0x00000000d10b9010,0x00000000d3000000)
 Metaspace       used 6072K, capacity 6284K, committed 6400K, reserved 1056768K
  class space    used 690K, capacity 760K, committed 768K, reserved 1048576K
}
Event: 19.345 GC heap before
{Heap before GC invocations=2 (full 0):
 PSYoungGen      total 14336K, used 14318K [0x00000000f0580000, 0x00000000f1580000, 0x0000000100000000)
  eden space 12288K, 100% used [0x00000000f0580000,0x00000000f1180000,0x00000000f1180000)
  from space 2048K, 99% used [0x00000000f1180000,0x00000000f137bbb0,0x00000000f1380000)
  to   space 2048K, 0% used [0x00000000f1380000,0x00000000f1380000,0x00000000f1580000)
 ParOldGen       total 32768K, used 740K [0x00000000d1000000, 0x00000000d3000000, 0x00000000f0580000)
  object space 32768K, 2% used [0x00000000d1000000,0x00000000d10b9010,0x00000000d3000000)
 Metaspace       used 7586K, capacity 7732K, committed 7936K, reserved 1056768K
  class space    used 917K, capacity 984K, committed 1024K, reserved 1048576K
Event: 19.648 GC heap after
Heap after GC invocations=2 (full 0):
 PSYoungGen      total 14336K, used 2035K [0x00000000f0580000, 0x00000000f2180000, 0x0000000100000000)
  eden space 12288K, 0% used [0x00000000f0580000,0x00000000f0580000,0x00000000f1180000)
  from space 2048K, 99% used [0x00000000f1380000,0x00000000f157ce20,0x00000000f1580000)
  to   space 2048K, 0% used [0x00000000f1180000,0x00000000f1180000,0x00000000f1380000)
 ParOldGen       total 32768K, used 1341K [0x00000000d1000000, 0x00000000d3000000, 0x00000000f0580000)
  object space 32768K, 4% used [0x00000000d1000000,0x00000000d114f5a8,0x00000000d3000000)
 Metaspace       used 7586K, capacity 7732K, committed 7936K, reserved 1056768K
  class space    used 917K, capacity 984K, committed 1024K, reserved 1048576K
}
Event: 25.029 GC heap before
{Heap before GC invocations=3 (full 0):
 PSYoungGen      total 14336K, used 14323K [0x00000000f0580000, 0x00000000f2180000, 0x0000000100000000)
  eden space 12288K, 100% used [0x00000000f0580000,0x00000000f1180000,0x00000000f1180000)
  from space 2048K, 99% used [0x00000000f1380000,0x00000000f157ce20,0x00000000f1580000)
  to   space 2048K, 0% used [0x00000000f1180000,0x00000000f1180000,0x00000000f1380000)
 ParOldGen       total 32768K, used 1341K [0x00000000d1000000, 0x00000000d3000000, 0x00000000f0580000)
  object space 32768K, 4% used [0x00000000d1000000,0x00000000d114f5a8,0x00000000d3000000)
 Metaspace       used 8371K, capacity 8506K, committed 8832K, reserved 1056768K
  class space    used 1013K, capacity 1049K, committed 1152K, reserved 1048576K
Event: 25.448 GC heap after
Heap after GC invocations=3 (full 0):
 PSYoungGen      total 14336K, used 2019K [0x00000000f0580000, 0x00000000f2180000, 0x0000000100000000)
  eden space 12288K, 0% used [0x00000000f0580000,0x00000000f0580000,0x00000000f1180000)
  from space 2048K, 98% used [0x00000000f1180000,0x00000000f1378f60,0x00000000f1380000)
  to   space 2048K, 0% used [0x00000000f1f80000,0x00000000f1f80000,0x00000000f2180000)
 ParOldGen       total 32768K, used 2177K [0x00000000d1000000, 0x00000000d3000000, 0x00000000f0580000)
  object space 32768K, 6% used [0x00000000d1000000,0x00000000d1220430,0x00000000d3000000)
 Metaspace       used 8371K, capacity 8506K, committed 8832K, reserved 1056768K
  class space    used 1013K, capacity 1049K, committed 1152K, reserved 1048576K
}
Event: 37.396 GC heap before
{Heap before GC invocations=4 (full 0):
 PSYoungGen      total 14336K, used 14307K [0x00000000f0580000, 0x00000000f2180000, 0x0000000100000000)
  eden space 12288K, 100% used [0x00000000f0580000,0x00000000f1180000,0x00000000f1180000)
  from space 2048K, 98% used [0x00000000f1180000,0x00000000f1378f60,0x00000000f1380000)
  to   space 2048K, 0% used [0x00000000f1f80000,0x00000000f1f80000,0x00000000f2180000)
 ParOldGen       total 32768K, used 2177K [0x00000000d1000000, 0x00000000d3000000, 0x00000000f0580000)
  object space 32768K, 6% used [0x00000000d1000000,0x00000000d1220430,0x00000000d3000000)
 Metaspace       used 9942K, capacity 10096K, committed 10368K, reserved 1058816K
  class space    used 1201K, capacity 1281K, committed 1408K, reserved 1048576K
Event: 38.497 GC heap after
Heap after GC invocations=4 (full 0):
 PSYoungGen      total 26624K, used 2016K [0x00000000f0580000, 0x00000000f2180000, 0x0000000100000000)
  eden space 24576K, 0% used [0x00000000f0580000,0x00000000f0580000,0x00000000f1d80000)
  from space 2048K, 98% used [0x00000000f1f80000,0x00000000f2178020,0x00000000f2180000)
  to   space 2048K, 0% used [0x00000000f1d80000,0x00000000f1d80000,0x00000000f1f80000)
 ParOldGen       total 32768K, used 3990K [0x00000000d1000000, 0x00000000d3000000, 0x00000000f0580000)
  object space 32768K, 12% used [0x00000000d1000000,0x00000000d13e5870,0x00000000d3000000)
 Metaspace       used 9942K, capacity 10096K, committed 10368K, reserved 1058816K
  class space    used 1201K, capacity 1281K, committed 1408K, reserved 1048576K
}
Event: 69.322 GC heap before
{Heap before GC invocations=5 (full 0):
 PSYoungGen      total 26624K, used 26592K [0x00000000f0580000, 0x00000000f2180000, 0x0000000100000000)
  eden space 24576K, 100% used [0x00000000f0580000,0x00000000f1d80000,0x00000000f1d80000)
  from space 2048K, 98% used [0x00000000f1f80000,0x00000000f2178020,0x00000000f2180000)
  to   space 2048K, 0% used [0x00000000f1d80000,0x00000000f1d80000,0x00000000f1f80000)
 ParOldGen       total 32768K, used 3990K [0x00000000d1000000, 0x00000000d3000000, 0x00000000f0580000)
  object space 32768K, 12% used [0x00000000d1000000,0x00000000d13e5870,0x00000000d3000000)
 Metaspace       used 12617K, capacity 12844K, committed 12928K, reserved 1060864K
  class space    used 1551K, capacity 1638K, committed 1664K, reserved 1048576K

