# JRE version: OpenJDK Runtime Environment (8.0_222-b10) (build 1.8.0_222-8u222-b10-1ubuntu1~16.04.1-b10)
# Java VM: OpenJDK 64-Bit Server VM (25.222-b10 mixed mode linux-amd64 compressed oops)
Heap:
 PSYoungGen      total 166912K, used 3823K [0x00000000f0580000, 0x00000000fb580000, 0x0000000100000000)
  eden space 154624K, 0% used [0x00000000f0580000,0x00000000f0580000,0x00000000f9c80000)
  from space 12288K, 31% used [0x00000000f9c80000,0x00000000fa03bd20,0x00000000fa880000)
  to   space 11264K, 0% used [0x00000000fa880000,0x00000000fa880000,0x00000000fb380000)
 ParOldGen       total 47616K, used 23983K [0x00000000d1000000, 0x00000000d3e80000, 0x00000000f0580000)
  object space 47616K, 50% used [0x00000000d1000000,0x00000000d276bcd8,0x00000000d3e80000)
 Metaspace       used 24759K, capacity 25298K, committed 25600K, reserved 1071104K
  class space    used 2825K, capacity 2999K, committed 3072K, reserved 1048576K
GC Heap History (10 events):
Event: 12.756 GC heap after
Heap after GC invocations=7 (full 0):
 PSYoungGen      total 54272K, used 5104K [0x00000000f0580000, 0x00000000f7380000, 0x0000000100000000)
  eden space 49152K, 0% used [0x00000000f0580000,0x00000000f0580000,0x00000000f3580000)
  from space 5120K, 99% used [0x00000000f3580000,0x00000000f3a7c010,0x00000000f3a80000)
  to   space 7168K, 0% used [0x00000000f6c80000,0x00000000f6c80000,0x00000000f7380000)
 ParOldGen       total 32768K, used 9830K [0x00000000d1000000, 0x00000000d3000000, 0x00000000f0580000)
  object space 32768K, 30% used [0x00000000d1000000,0x00000000d1999b58,0x00000000d3000000)
 Metaspace       used 16472K, capacity 16754K, committed 16896K, reserved 1064960K
  class space    used 1924K, capacity 2010K, committed 2048K, reserved 1048576K
}
Event: 16.339 GC heap before
{Heap before GC invocations=8 (full 0):
 PSYoungGen      total 54272K, used 54256K [0x00000000f0580000, 0x00000000f7380000, 0x0000000100000000)
  eden space 49152K, 100% used [0x00000000f0580000,0x00000000f3580000,0x00000000f3580000)
  from space 5120K, 99% used [0x00000000f3580000,0x00000000f3a7c010,0x00000000f3a80000)
  to   space 7168K, 0% used [0x00000000f6c80000,0x00000000f6c80000,0x00000000f7380000)
 ParOldGen       total 32768K, used 9830K [0x00000000d1000000, 0x00000000d3000000, 0x00000000f0580000)
  object space 32768K, 30% used [0x00000000d1000000,0x00000000d1999b58,0x00000000d3000000)
 Metaspace       used 16809K, capacity 17058K, committed 17152K, reserved 1064960K
  class space    used 1930K, capacity 2018K, committed 2048K, reserved 1048576K
Event: 16.406 GC heap after
Heap after GC invocations=8 (full 0):
 PSYoungGen      total 104448K, used 7152K [0x00000000f0580000, 0x00000000f7580000, 0x0000000100000000)
  eden space 97280K, 0% used [0x00000000f0580000,0x00000000f0580000,0x00000000f6480000)
  from space 7168K, 99% used [0x00000000f6c80000,0x00000000f737c010,0x00000000f7380000)
  to   space 8192K, 0% used [0x00000000f6480000,0x00000000f6480000,0x00000000f6c80000)
 ParOldGen       total 32768K, used 10658K [0x00000000d1000000, 0x00000000d3000000, 0x00000000f0580000)
  object space 32768K, 32% used [0x00000000d1000000,0x00000000d1a68b78,0x00000000d3000000)
 Metaspace       used 16809K, capacity 17058K, committed 17152K, reserved 1064960K
  class space    used 1930K, capacity 2018K, committed 2048K, reserved 1048576K
}
Event: 22.973 GC heap before
{Heap before GC invocations=9 (full 0):
 PSYoungGen      total 104448K, used 104432K [0x00000000f0580000, 0x00000000f7580000, 0x0000000100000000)
  eden space 97280K, 100% used [0x00000000f0580000,0x00000000f6480000,0x00000000f6480000)
  from space 7168K, 99% used [0x00000000f6c80000,0x00000000f737c010,0x00000000f7380000)
  to   space 8192K, 0% used [0x00000000f6480000,0x00000000f6480000,0x00000000f6c80000)
 ParOldGen       total 32768K, used 10658K [0x00000000d1000000, 0x00000000d3000000, 0x00000000f0580000)
  object space 32768K, 32% used [0x00000000d1000000,0x00000000d1a68b78,0x00000000d3000000)
 Metaspace       used 17368K, capacity 17678K, committed 18048K, reserved 1064960K
  class space    used 1945K, capacity 2052K, committed 2176K, reserved 1048576K
Event: 23.047 GC heap after
Heap after GC invocations=9 (full 0):
 PSYoungGen      total 105472K, used 8192K [0x00000000f0580000, 0x00000000fb380000, 0x0000000100000000)
  eden space 97280K, 0% used [0x00000000f0580000,0x00000000f0580000,0x00000000f6480000)
  from space 8192K, 100% used [0x00000000f6480000,0x00000000f6c80000,0x00000000f6c80000)
  to   space 11264K, 0% used [0x00000000fa880000,0x00000000fa880000,0x00000000fb380000)
 ParOldGen       total 32768K, used 14516K [0x00000000d1000000, 0x00000000d3000000, 0x00000000f0580000)
  object space 32768K, 44% used [0x00000000d1000000,0x00000000d1e2d350,0x00000000d3000000)
 Metaspace       used 17368K, capacity 17678K, committed 18048K, reserved 1064960K
  class space    used 1945K, capacity 2052K, committed 2176K, reserved 1048576K
}
Event: 27.339 GC heap before
{Heap before GC invocations=10 (full 0):
 PSYoungGen      total 105472K, used 60555K [0x00000000f0580000, 0x00000000fb380000, 0x0000000100000000)
  eden space 97280K, 53% used [0x00000000f0580000,0x00000000f38a2f88,0x00000000f6480000)
  from space 8192K, 100% used [0x00000000f6480000,0x00000000f6c80000,0x00000000f6c80000)
  to   space 11264K, 0% used [0x00000000fa880000,0x00000000fa880000,0x00000000fb380000)
 ParOldGen       total 32768K, used 14516K [0x00000000d1000000, 0x00000000d3000000, 0x00000000f0580000)
  object space 32768K, 44% used [0x00000000d1000000,0x00000000d1e2d350,0x00000000d3000000)
 Metaspace       used 20815K, capacity 21210K, committed 21248K, reserved 1069056K
  class space    used 2387K, capacity 2535K, committed 2560K, reserved 1048576K
Event: 27.511 GC heap after
Heap after GC invocations=10 (full 0):
 PSYoungGen      total 165888K, used 10091K [0x00000000f0580000, 0x00000000fb580000, 0x0000000100000000)
  eden space 154624K, 0% used [0x00000000f0580000,0x00000000f0580000,0x00000000f9c80000)
  from space 11264K, 89% used [0x00000000fa880000,0x00000000fb25ac78,0x00000000fb380000)
  to   space 12288K, 0% used [0x00000000f9c80000,0x00000000f9c80000,0x00000000fa880000)
 ParOldGen       total 32768K, used 19340K [0x00000000d1000000, 0x00000000d3000000, 0x00000000f0580000)
  object space 32768K, 59% used [0x00000000d1000000,0x00000000d22e3350,0x00000000d3000000)
 Metaspace       used 20815K, capacity 21210K, committed 21248K, reserved 1069056K
  class space    used 2387K, capacity 2535K, committed 2560K, reserved 1048576K
}
Event: 27.511 GC heap before
{Heap before GC invocations=11 (full 1):
 PSYoungGen      total 165888K, used 10091K [0x00000000f0580000, 0x00000000fb580000, 0x0000000100000000)
  eden space 154624K, 0% used [0x00000000f0580000,0x00000000f0580000,0x00000000f9c80000)
  from space 11264K, 89% used [0x00000000fa880000,0x00000000fb25ac78,0x00000000fb380000)
  to   space 12288K, 0% used [0x00000000f9c80000,0x00000000f9c80000,0x00000000fa880000)
 ParOldGen       total 32768K, used 19340K [0x00000000d1000000, 0x00000000d3000000, 0x00000000f0580000)
  object space 32768K, 59% used [0x00000000d1000000,0x00000000d22e3350,0x00000000d3000000)
 Metaspace       used 20815K, capacity 21210K, committed 21248K, reserved 1069056K
  class space    used 2387K, capacity 2535K, committed 2560K, reserved 1048576K
Event: 28.038 GC heap after
Heap after GC invocations=11 (full 1):
 PSYoungGen      total 165888K, used 0K [0x00000000f0580000, 0x00000000fb580000, 0x0000000100000000)
  eden space 154624K, 0% used [0x00000000f0580000,0x00000000f0580000,0x00000000f9c80000)
  from space 11264K, 0% used [0x00000000fa880000,0x00000000fa880000,0x00000000fb380000)
  to   space 12288K, 0% used [0x00000000f9c80000,0x00000000f9c80000,0x00000000fa880000)
 ParOldGen       total 47616K, used 23975K [0x00000000d1000000, 0x00000000d3e80000, 0x00000000f0580000)
  object space 47616K, 50% used [0x00000000d1000000,0x00000000d2769cd8,0x00000000d3e80000)
 Metaspace       used 20815K, capacity 21210K, committed 21248K, reserved 1069056K
  class space    used 2387K, capacity 2535K, committed 2560K, reserved 1048576K
}
Event: 38.221 GC heap before
{Heap before GC invocations=12 (full 1):
 PSYoungGen      total 165888K, used 154624K [0x00000000f0580000, 0x00000000fb580000, 0x0000000100000000)
  eden space 154624K, 100% used [0x00000000f0580000,0x00000000f9c80000,0x00000000f9c80000)
  from space 11264K, 0% used [0x00000000fa880000,0x00000000fa880000,0x00000000fb380000)
  to   space 12288K, 0% used [0x00000000f9c80000,0x00000000f9c80000,0x00000000fa880000)
 ParOldGen       total 47616K, used 23975K [0x00000000d1000000, 0x00000000d3e80000, 0x00000000f0580000)
  object space 47616K, 50% used [0x00000000d1000000,0x00000000d2769cd8,0x00000000d3e80000)
 Metaspace       used 24759K, capacity 25298K, committed 25600K, reserved 1071104K
  class space    used 2825K, capacity 2999K, committed 3072K, reserved 1048576K

