# JRE version: OpenJDK Runtime Environment (8.0_222-b10) (build 1.8.0_222-8u222-b10-1ubuntu1~16.04.1-b10)
# Java VM: OpenJDK 64-Bit Server VM (25.222-b10 mixed mode linux-amd64 compressed oops)
Heap:
 PSYoungGen      total 166400K, used 1776K [0x00000000f0580000, 0x00000000fb280000, 0x0000000100000000)
  eden space 155648K, 0% used [0x00000000f0580000,0x00000000f0580000,0x00000000f9d80000)
  from space 10752K, 16% used [0x00000000f9d80000,0x00000000f9f3c010,0x00000000fa800000)
  to   space 10240K, 0% used [0x00000000fa880000,0x00000000fa880000,0x00000000fb280000)
 ParOldGen       total 32768K, used 23973K [0x00000000d1000000, 0x00000000d3000000, 0x00000000f0580000)
  object space 32768K, 73% used [0x00000000d1000000,0x00000000d2769428,0x00000000d3000000)
 Metaspace       used 18888K, capacity 19308K, committed 19456K, reserved 1067008K
  class space    used 2127K, capacity 2266K, committed 2304K, reserved 1048576K
GC Heap History (10 events):
Event: 6.798 GC heap after
Heap after GC invocations=6 (full 0):
 PSYoungGen      total 53760K, used 3426K [0x00000000f0580000, 0x00000000f3f80000, 0x0000000100000000)
  eden space 49152K, 0% used [0x00000000f0580000,0x00000000f0580000,0x00000000f3580000)
  from space 4608K, 74% used [0x00000000f3b00000,0x00000000f3e58b80,0x00000000f3f80000)
  to   space 5120K, 0% used [0x00000000f3580000,0x00000000f3580000,0x00000000f3a80000)
 ParOldGen       total 32768K, used 7342K [0x00000000d1000000, 0x00000000d3000000, 0x00000000f0580000)
  object space 32768K, 22% used [0x00000000d1000000,0x00000000d172b990,0x00000000d3000000)
 Metaspace       used 14408K, capacity 14566K, committed 14720K, reserved 1062912K
  class space    used 1740K, capacity 1840K, committed 1920K, reserved 1048576K
}
Event: 9.531 GC heap before
{Heap before GC invocations=7 (full 0):
 PSYoungGen      total 53760K, used 52578K [0x00000000f0580000, 0x00000000f3f80000, 0x0000000100000000)
  eden space 49152K, 100% used [0x00000000f0580000,0x00000000f3580000,0x00000000f3580000)
  from space 4608K, 74% used [0x00000000f3b00000,0x00000000f3e58b80,0x00000000f3f80000)
  to   space 5120K, 0% used [0x00000000f3580000,0x00000000f3580000,0x00000000f3a80000)
 ParOldGen       total 32768K, used 7342K [0x00000000d1000000, 0x00000000d3000000, 0x00000000f0580000)
  object space 32768K, 22% used [0x00000000d1000000,0x00000000d172b990,0x00000000d3000000)
 Metaspace       used 16445K, capacity 16694K, committed 16896K, reserved 1064960K
  class space    used 1924K, capacity 2010K, committed 2048K, reserved 1048576K
Event: 9.598 GC heap after
Heap after GC invocations=7 (full 0):
 PSYoungGen      total 54272K, used 5088K [0x00000000f0580000, 0x00000000f7380000, 0x0000000100000000)
  eden space 49152K, 0% used [0x00000000f0580000,0x00000000f0580000,0x00000000f3580000)
  from space 5120K, 99% used [0x00000000f3580000,0x00000000f3a78020,0x00000000f3a80000)
  to   space 7168K, 0% used [0x00000000f6c80000,0x00000000f6c80000,0x00000000f7380000)
 ParOldGen       total 32768K, used 9841K [0x00000000d1000000, 0x00000000d3000000, 0x00000000f0580000)
  object space 32768K, 30% used [0x00000000d1000000,0x00000000d199c7b8,0x00000000d3000000)
 Metaspace       used 16445K, capacity 16694K, committed 16896K, reserved 1064960K
  class space    used 1924K, capacity 2010K, committed 2048K, reserved 1048576K
}
Event: 13.090 GC heap before
{Heap before GC invocations=8 (full 0):
 PSYoungGen      total 54272K, used 54240K [0x00000000f0580000, 0x00000000f7380000, 0x0000000100000000)
  eden space 49152K, 100% used [0x00000000f0580000,0x00000000f3580000,0x00000000f3580000)
  from space 5120K, 99% used [0x00000000f3580000,0x00000000f3a78020,0x00000000f3a80000)
  to   space 7168K, 0% used [0x00000000f6c80000,0x00000000f6c80000,0x00000000f7380000)
 ParOldGen       total 32768K, used 9841K [0x00000000d1000000, 0x00000000d3000000, 0x00000000f0580000)
  object space 32768K, 30% used [0x00000000d1000000,0x00000000d199c7b8,0x00000000d3000000)
 Metaspace       used 16786K, capacity 17062K, committed 17152K, reserved 1064960K
  class space    used 1930K, capacity 2018K, committed 2048K, reserved 1048576K
Event: 13.147 GC heap after
Heap after GC invocations=8 (full 0):
 PSYoungGen      total 104448K, used 7168K [0x00000000f0580000, 0x00000000f7580000, 0x0000000100000000)
  eden space 97280K, 0% used [0x00000000f0580000,0x00000000f0580000,0x00000000f6480000)
  from space 7168K, 100% used [0x00000000f6c80000,0x00000000f7380000,0x00000000f7380000)
  to   space 8192K, 0% used [0x00000000f6480000,0x00000000f6480000,0x00000000f6c80000)
 ParOldGen       total 32768K, used 10633K [0x00000000d1000000, 0x00000000d3000000, 0x00000000f0580000)
  object space 32768K, 32% used [0x00000000d1000000,0x00000000d1a627b8,0x00000000d3000000)
 Metaspace       used 16786K, capacity 17062K, committed 17152K, reserved 1064960K
  class space    used 1930K, capacity 2018K, committed 2048K, reserved 1048576K
}
Event: 19.674 GC heap before
{Heap before GC invocations=9 (full 0):
 PSYoungGen      total 104448K, used 104448K [0x00000000f0580000, 0x00000000f7580000, 0x0000000100000000)
  eden space 97280K, 100% used [0x00000000f0580000,0x00000000f6480000,0x00000000f6480000)
  from space 7168K, 100% used [0x00000000f6c80000,0x00000000f7380000,0x00000000f7380000)
  to   space 8192K, 0% used [0x00000000f6480000,0x00000000f6480000,0x00000000f6c80000)
 ParOldGen       total 32768K, used 10633K [0x00000000d1000000, 0x00000000d3000000, 0x00000000f0580000)
  object space 32768K, 32% used [0x00000000d1000000,0x00000000d1a627b8,0x00000000d3000000)
 Metaspace       used 17328K, capacity 17682K, committed 18048K, reserved 1064960K
  class space    used 1945K, capacity 2052K, committed 2176K, reserved 1048576K
Event: 19.731 GC heap after
Heap after GC invocations=9 (full 0):
 PSYoungGen      total 105472K, used 8192K [0x00000000f0580000, 0x00000000fb380000, 0x0000000100000000)
  eden space 97280K, 0% used [0x00000000f0580000,0x00000000f0580000,0x00000000f6480000)
  from space 8192K, 100% used [0x00000000f6480000,0x00000000f6c80000,0x00000000f6c80000)
  to   space 11264K, 0% used [0x00000000fa880000,0x00000000fa880000,0x00000000fb380000)
 ParOldGen       total 32768K, used 14333K [0x00000000d1000000, 0x00000000d3000000, 0x00000000f0580000)
  object space 32768K, 43% used [0x00000000d1000000,0x00000000d1dff428,0x00000000d3000000)
 Metaspace       used 17328K, capacity 17682K, committed 18048K, reserved 1064960K
  class space    used 1945K, capacity 2052K, committed 2176K, reserved 1048576K
}
Event: 24.053 GC heap before
{Heap before GC invocations=10 (full 0):
 PSYoungGen      total 105472K, used 105472K [0x00000000f0580000, 0x00000000fb380000, 0x0000000100000000)
  eden space 97280K, 100% used [0x00000000f0580000,0x00000000f6480000,0x00000000f6480000)
  from space 8192K, 100% used [0x00000000f6480000,0x00000000f6c80000,0x00000000f6c80000)
  to   space 11264K, 0% used [0x00000000fa880000,0x00000000fa880000,0x00000000fb380000)
 ParOldGen       total 32768K, used 14333K [0x00000000d1000000, 0x00000000d3000000, 0x00000000f0580000)
  object space 32768K, 43% used [0x00000000d1000000,0x00000000d1dff428,0x00000000d3000000)
 Metaspace       used 18675K, capacity 19098K, committed 19200K, reserved 1067008K
  class space    used 2124K, capacity 2263K, committed 2304K, reserved 1048576K
Event: 24.114 GC heap after
Heap after GC invocations=10 (full 0):
 PSYoungGen      total 165888K, used 6100K [0x00000000f0580000, 0x00000000fb280000, 0x0000000100000000)
  eden space 155648K, 0% used [0x00000000f0580000,0x00000000f0580000,0x00000000f9d80000)
  from space 10240K, 59% used [0x00000000fa880000,0x00000000fae75038,0x00000000fb280000)
  to   space 10752K, 0% used [0x00000000f9d80000,0x00000000f9d80000,0x00000000fa800000)
 ParOldGen       total 32768K, used 19469K [0x00000000d1000000, 0x00000000d3000000, 0x00000000f0580000)
  object space 32768K, 59% used [0x00000000d1000000,0x00000000d2303428,0x00000000d3000000)
 Metaspace       used 18675K, capacity 19098K, committed 19200K, reserved 1067008K
  class space    used 2124K, capacity 2263K, committed 2304K, reserved 1048576K
}
Event: 27.341 GC heap before
{Heap before GC invocations=11 (full 0):
 PSYoungGen      total 165888K, used 161748K [0x00000000f0580000, 0x00000000fb280000, 0x0000000100000000)
  eden space 155648K, 100% used [0x00000000f0580000,0x00000000f9d80000,0x00000000f9d80000)
  from space 10240K, 59% used [0x00000000fa880000,0x00000000fae75038,0x00000000fb280000)
  to   space 10752K, 0% used [0x00000000f9d80000,0x00000000f9d80000,0x00000000fa800000)
 ParOldGen       total 32768K, used 19469K [0x00000000d1000000, 0x00000000d3000000, 0x00000000f0580000)
  object space 32768K, 59% used [0x00000000d1000000,0x00000000d2303428,0x00000000d3000000)
 Metaspace       used 18888K, capacity 19308K, committed 19456K, reserved 1067008K
  class space    used 2127K, capacity 2266K, committed 2304K, reserved 1048576K

