<?xml version="1.0" encoding="UTF-8"?>
<testsuite xmlns:xsi="http://www.w3.org/2001/XMLSchema-instance" xsi:noNamespaceSchemaLocation="https://maven.apache.org/surefire/maven-surefire-plugin/xsd/surefire-test-report.xsd" name="com.example.helloworld.IntegrationTest" time="65.871" tests="2" errors="0" skipped="0" failures="0">
  <properties>
[...]
</properties>
  <testcase name="testPlayerResource" classname="com.example.helloworld.IntegrationTest" time="4.928"/>
  <testcase name="testHelloWorld" classname="com.example.helloworld.IntegrationTest" time="0.313"/>
</testsuite>